<?xml version="1.0" encoding="UTF-8"?>
<!-- Generated by org.testng.reporters.JUnitReportReporter -->
<testsuite hostname="rajanagama-mbp" failures="0" tests="3" name="sauce_demo.happy_flow" time="6.010" errors="0" timestamp="2022-03-18T15:43:42 PDT" skipped="0">
  <testcase classname="sauce_demo.happy_flow" name="product_page" time="2.002"/>
  <system-out/>
  <testcase classname="sauce_demo.happy_flow" name="verify_cart" time="2.002"/>
  <system-out/>
  <testcase classname="sauce_demo.happy_flow" name="Add_to_cart" time="2.006"/>
  <system-out/>
</testsuite> <!-- sauce_demo.happy_flow -->
