<?xml version="1.0" encoding="UTF-8"?>
<!-- Generated by org.testng.reporters.JUnitReportReporter -->
<testsuite hostname="rajanagama-mbp" failures="0" tests="2" name="userFlow.BuySingleProduct" time="4.011" errors="0" timestamp="2022-03-18T15:14:35 PDT" skipped="0">
  <testcase classname="userFlow.BuySingleProduct" name="paymentTest" time="2.006"/>
  <system-out/>
  <testcase classname="userFlow.BuySingleProduct" name="loginTest" time="2.005"/>
  <system-out/>
</testsuite> <!-- userFlow.BuySingleProduct -->
