<?xml version="1.0" encoding="UTF-8"?>
<!-- Generated by org.testng.reporters.JUnitReportReporter -->
<testsuite hostname="rajanagama-mbp" failures="0" tests="1" name="t1.testmethod" time="2.004" errors="0" timestamp="2022-03-18T15:14:35 PDT" skipped="0">
  <testcase classname="t1.testmethod" name="paymentTest" time="2.004"/>
  <system-out/>
</testsuite> <!-- t1.testmethod -->
