<?xml version="1.0" encoding="UTF-8"?>
<!-- Generated by org.testng.reporters.JUnitReportReporter -->
<testsuite hostname="rajanagama-mbp" failures="0" tests="2" name="login.LoginTest" time="4.013" errors="0" timestamp="2022-03-18T15:14:35 PDT" skipped="0">
  <testcase classname="login.LoginTest" name="verify" time="2.004"/>
  <system-out/>
  <testcase classname="login.LoginTest" name="productPageTest" time="2.009"/>
  <system-out/>
</testsuite> <!-- login.LoginTest -->
